0 info it worked if it ends with ok
1 verbose cli [ 'C:\\Program Files\\nodejs\\node.exe',
1 verbose cli   'C:\\Users\\Owner\\AppData\\Roaming\\npm\\node_modules\\npm\\bin\\npm-cli.js',
1 verbose cli   'run',
1 verbose cli   'build' ]
2 info using npm@3.5.2
3 info using node@v5.6.0
4 verbose run-script [ 'prebuild', 'build', 'postbuild' ]
5 info lifecycle RxJsDemo@~prebuild: RxJsDemo@
6 silly lifecycle RxJsDemo@~prebuild: no script for prebuild, continuing
7 info lifecycle RxJsDemo@~build: RxJsDemo@
8 verbose lifecycle RxJsDemo@~build: unsafe-perm in lifecycle true
9 verbose lifecycle RxJsDemo@~build: PATH: C:\Users\Owner\AppData\Roaming\npm\node_modules\npm\bin\node-gyp-bin;e:\Programming\RxJs\RxJsDemo\node_modules\.bin;C:\ProgramData\Oracle\Java\javapath;C:\Program Files\Broadcom\Broadcom 802.11 Network Adapter;C:\WINDOWS\system32;C:\WINDOWS;C:\WINDOWS\System32\Wbem;C:\WINDOWS\System32\WindowsPowerShell\v1.0\;C:\Program Files\Microsoft SQL Server\110\Tools\Binn\;C:\Program Files (x86)\Microsoft SQL Server\110\Tools\Binn\;C:\Program Files\Microsoft SQL Server\110\DTS\Binn\;C:\Program Files (x86)\Microsoft SQL Server\110\Tools\Binn\ManagementStudio\;C:\Program Files (x86)\Microsoft SQL Server\110\DTS\Binn\;C:\Program Files\Microsoft\Web Platform Installer\;C:\Program Files (x86)\Microsoft ASP.NET\ASP.NET Web Pages\v1.0\;C:\Program Files\Microsoft SQL Server\120\Tools\Binn\;C:\Program Files (x86)\Windows Kits\8.1\Windows Performance Toolkit\;C:\Users\Owner\.dnx\bin;C:\Program Files\Microsoft DNX\Dnvm\;C:\Program Files (x86)\NVIDIA Corporation\PhysX\Common;C:\Program Files (x86)\Skype\Phone\;C:\Program Files\Git\cmd;C:\WINDOWS\system32;C:\WINDOWS;C:\WINDOWS\System32\Wbem;C:\WINDOWS\System32\WindowsPowerShell\v1.0\;C:\Program Files\nodejs\;C:\Users\Owner\.dnx\bin;C:\Users\Owner\AppData\Roaming\npm;C:\Program Files (x86)\Microsoft VS Code\bin
10 verbose lifecycle RxJsDemo@~build: CWD: e:\Programming\RxJs\RxJsDemo
11 silly lifecycle RxJsDemo@~build: Args: [ '/d /s /c', 'babel src -d lib' ]
12 silly lifecycle RxJsDemo@~build: Returned: code: 2  signal: null
13 info lifecycle RxJsDemo@~build: Failed to exec build script
14 verbose stack Error: RxJsDemo@ build: `babel src -d lib`
14 verbose stack Exit status 2
14 verbose stack     at EventEmitter.<anonymous> (C:\Users\Owner\AppData\Roaming\npm\node_modules\npm\lib\utils\lifecycle.js:232:16)
14 verbose stack     at emitTwo (events.js:100:13)
14 verbose stack     at EventEmitter.emit (events.js:185:7)
14 verbose stack     at ChildProcess.<anonymous> (C:\Users\Owner\AppData\Roaming\npm\node_modules\npm\lib\utils\spawn.js:24:14)
14 verbose stack     at emitTwo (events.js:100:13)
14 verbose stack     at ChildProcess.emit (events.js:185:7)
14 verbose stack     at maybeClose (internal/child_process.js:827:16)
14 verbose stack     at Process.ChildProcess._handle.onexit (internal/child_process.js:211:5)
15 verbose pkgid RxJsDemo@
16 verbose cwd e:\Programming\RxJs\RxJsDemo\app
17 error Windows_NT 10.0.10586
18 error argv "C:\\Program Files\\nodejs\\node.exe" "C:\\Users\\Owner\\AppData\\Roaming\\npm\\node_modules\\npm\\bin\\npm-cli.js" "run" "build"
19 error node v5.6.0
20 error npm  v3.5.2
21 error code ELIFECYCLE
22 error RxJsDemo@ build: `babel src -d lib`
22 error Exit status 2
23 error Failed at the RxJsDemo@ build script 'babel src -d lib'.
23 error Make sure you have the latest version of node.js and npm installed.
23 error If you do, this is most likely a problem with the RxJsDemo package,
23 error not with npm itself.
23 error Tell the author that this fails on your system:
23 error     babel src -d lib
23 error You can get information on how to open an issue for this project with:
23 error     npm bugs RxJsDemo
23 error Or if that isn't available, you can get their info via:
23 error     npm owner ls RxJsDemo
23 error There is likely additional logging output above.
24 verbose exit [ 1, true ]
